<?xml version="1.0" encoding="UTF-8"?>
<!-- Generated by org.testng.reporters.JUnitXMLReporter -->
<testsuite ignored="4" hostname="LAPTOP-QT2UH10T" failures="0" tests="1" name="Test(failed)(failed)" time="0.062" errors="0" timestamp="2023-12-23T16:20:57 IST">
  <testcase classname="testNG_Xml_Use.Sample" name="Tc3" time="0.014"/>
  <testcase classname="testNG_Xml_Use.Sample" name="Tc5" time="0.0">
    <ignored/>
  </testcase> <!-- Tc5 -->
  <testcase classname="testNG_Xml_Use.Sample" name="Tc4" time="0.0">
    <ignored/>
  </testcase> <!-- Tc4 -->
  <testcase classname="testNG_Xml_Use.Sample" name="Tc1" time="0.0">
    <ignored/>
  </testcase> <!-- Tc1 -->
  <testcase classname="testNG_Xml_Use.Sample" name="Tc2" time="0.0">
    <ignored/>
  </testcase> <!-- Tc2 -->
</testsuite> <!-- Test(failed)(failed) -->
