<?xml version="1.0" encoding="UTF-8"?>
<!-- Generated by org.testng.reporters.JUnitXMLReporter -->
<testsuite ignored="4" hostname="LAPTOP-QT2UH10T" failures="0" tests="1" name="Test5" time="0.003" errors="0" timestamp="2023-12-25T14:52:04 IST">
  <testcase classname="testNG_Xml_Use.Sample" name="Tc5" time="0.001"/>
  <testcase classname="testNG_Xml_Use.Sample" name="Tc3" time="0.0">
    <ignored/>
  </testcase> <!-- Tc3 -->
  <testcase classname="testNG_Xml_Use.Sample" name="Tc4" time="0.0">
    <ignored/>
  </testcase> <!-- Tc4 -->
  <testcase classname="testNG_Xml_Use.Sample" name="Tc2" time="0.0">
    <ignored/>
  </testcase> <!-- Tc2 -->
  <testcase classname="testNG_Xml_Use.Sample" name="Tc1" time="0.0">
    <ignored/>
  </testcase> <!-- Tc1 -->
</testsuite> <!-- Test5 -->
