<?xml version="1.0" encoding="UTF-8"?>
<!-- Generated by org.testng.reporters.JUnitXMLReporter -->
<testsuite ignored="3" hostname="LAPTOP-QT2UH10T" failures="1" tests="2" name="Default test(failed)(failed)" time="0.063" errors="0" timestamp="2023-12-26T09:32:20 IST">
  <testcase classname="testNG_Xml_Use.FAiled_Xml_use" name="Tc3" time="0.014">
    <failure type="java.lang.AssertionError" message="null">
      <![CDATA[java.lang.AssertionError: null
at testNG_Xml_Use.FAiled_Xml_use.Tc3(FAiled_Xml_use.java:27)
at java.base/java.util.ArrayList.forEach(ArrayList.java:1511)
... Removed 27 stack frames]]>
    </failure>
  </testcase> <!-- Tc3 -->
  <testcase classname="testNG_Xml_Use.FAiled_Xml_use" name="Tc5" time="0.002"/>
  <testcase classname="testNG_Xml_Use.FAiled_Xml_use" name="Tc4" time="0.0">
    <ignored/>
  </testcase> <!-- Tc4 -->
  <testcase classname="testNG_Xml_Use.FAiled_Xml_use" name="Tc2" time="0.0">
    <ignored/>
  </testcase> <!-- Tc2 -->
  <testcase classname="testNG_Xml_Use.FAiled_Xml_use" name="Tc1" time="0.0">
    <ignored/>
  </testcase> <!-- Tc1 -->
</testsuite> <!-- Default test(failed)(failed) -->
