<?xml version="1.0" encoding="UTF-8"?>
<!-- Generated by org.testng.reporters.JUnitXMLReporter -->
<testsuite ignored="4" hostname="LAPTOP-QT2UH10T" failures="0" tests="1" name="Default test(failed)(failed)(failed)" time="0.057" errors="0" timestamp="2023-12-26T09:33:05 IST">
  <testcase classname="testNG_Xml_Use.FAiled_Xml_use" name="Tc3" time="0.011"/>
  <testcase classname="testNG_Xml_Use.FAiled_Xml_use" name="Tc4" time="0.0">
    <ignored/>
  </testcase> <!-- Tc4 -->
  <testcase classname="testNG_Xml_Use.FAiled_Xml_use" name="Tc5" time="0.0">
    <ignored/>
  </testcase> <!-- Tc5 -->
  <testcase classname="testNG_Xml_Use.FAiled_Xml_use" name="Tc2" time="0.0">
    <ignored/>
  </testcase> <!-- Tc2 -->
  <testcase classname="testNG_Xml_Use.FAiled_Xml_use" name="Tc1" time="0.0">
    <ignored/>
  </testcase> <!-- Tc1 -->
</testsuite> <!-- Default test(failed)(failed)(failed) -->
