<?xml version="1.0" encoding="UTF-8"?>
<!-- Generated by org.testng.reporters.JUnitXMLReporter -->
<testsuite ignored="3" hostname="LAPTOP-QT2UH10T" failures="1" tests="2" name="Test(failed)" time="1.11" errors="0" timestamp="2023-12-23T16:19:47 IST">
  <testcase classname="testNG_Xml_Use.Sample" name="Tc3" time="1.026">
    <failure type="org.testng.internal.thread.ThreadTimeoutException" message="Method testNG_Xml_Use.Sample.Tc3() didn&amp;apos;t finish within the time-out 1000">
      <![CDATA[org.testng.internal.thread.ThreadTimeoutException: Method testNG_Xml_Use.Sample.Tc3() didn't finish within the time-out 1000
at java.base/java.lang.Thread.sleep0(Native Method)
at java.base/java.lang.Thread.sleep(Thread.java:465)
at testNG_Xml_Use.Sample.Tc3(Sample.java:25)
at java.base/java.util.concurrent.FutureTask.run(FutureTask.java:317)
at java.base/java.util.concurrent.ThreadPoolExecutor.runWorker(ThreadPoolExecutor.java:1144)
at java.base/java.util.concurrent.ThreadPoolExecutor$Worker.run(ThreadPoolExecutor.java:642)
at java.base/java.lang.Thread.run(Thread.java:1589)
... Removed 6 stack frames]]>
    </failure>
  </testcase> <!-- Tc3 -->
  <testcase classname="testNG_Xml_Use.Sample" name="Tc2" time="0.01"/>
  <testcase classname="testNG_Xml_Use.Sample" name="Tc1" time="0.0">
    <ignored/>
  </testcase> <!-- Tc1 -->
  <testcase classname="testNG_Xml_Use.Sample" name="Tc4" time="0.0">
    <ignored/>
  </testcase> <!-- Tc4 -->
  <testcase classname="testNG_Xml_Use.Sample" name="Tc5" time="0.0">
    <ignored/>
  </testcase> <!-- Tc5 -->
</testsuite> <!-- Test(failed) -->
