<?xml version="1.0" encoding="UTF-8"?>
<testng-results ignored="0" total="1" passed="1" failed="0" skipped="0">
  <reporter-output>
    <line>
      <![CDATA[Launching CoverFox]]>
    </line>
    <line>
      <![CDATA[Clicking on Gender Button]]>
    </line>
    <line>
      <![CDATA[Clicking on next Button]]>
    </line>
    <line>
      <![CDATA[Handling AgeDropDown ]]>
    </line>
    <line>
      <![CDATA[Reading Data from Excel]]>
    </line>
    <line>
      <![CDATA[Clicking on next Button]]>
    </line>
    <line>
      <![CDATA[Entering PinCode ]]>
    </line>
    <line>
      <![CDATA[Reading Data from Excel]]>
    </line>
    <line>
      <![CDATA[Entering MObile NO ]]>
    </line>
    <line>
      <![CDATA[Reading Data from Excel]]>
    </line>
    <line>
      <![CDATA[Clicking on Continue Button]]>
    </line>
    <line>
      <![CDATA[Fetching No of Details from Text]]>
    </line>
    <line>
      <![CDATA[Fetching No of Details from Banner]]>
    </line>
    <line>
      <![CDATA[Tc is Passed]]>
    </line>
    <line>
      <![CDATA[Closing Browser]]>
    </line>
  </reporter-output>
  <suite started-at="2024-01-05T23:41:34 IST" name="Default suite" finished-at="2024-01-05T23:42:09 IST" duration-ms="35061">
    <groups>
    </groups>
    <test started-at="2024-01-05T23:41:34 IST" name="Default test" finished-at="2024-01-05T23:42:09 IST" duration-ms="35061">
      <class name="cOVSERFOX_Test.CF_TC55_LiSTNERfaIL_Parametric_Validate_search_results_for_healthcare_plocies">
        <test-method is-config="true" signature="launchBrowser()[pri:0, instance:cOVSERFOX_Test.CF_TC55_LiSTNERfaIL_Parametric_Validate_search_results_for_healthcare_plocies@815b41f]" started-at="2024-01-05T23:41:34 IST" name="launchBrowser" finished-at="2024-01-05T23:41:39 IST" duration-ms="5100" status="PASS">
          <reporter-output>
            <line>
              <![CDATA[Launching CoverFox]]>
            </line>
          </reporter-output>
        </test-method> <!-- launchBrowser -->
        <test-method is-config="true" signature="enterMemberDetails()[pri:0, instance:cOVSERFOX_Test.CF_TC55_LiSTNERfaIL_Parametric_Validate_search_results_for_healthcare_plocies@815b41f]" started-at="2024-01-05T23:41:39 IST" name="enterMemberDetails" finished-at="2024-01-05T23:41:48 IST" duration-ms="9135" status="PASS">
          <reporter-output>
            <line>
              <![CDATA[Clicking on Gender Button]]>
            </line>
            <line>
              <![CDATA[Clicking on next Button]]>
            </line>
            <line>
              <![CDATA[Handling AgeDropDown ]]>
            </line>
            <line>
              <![CDATA[Reading Data from Excel]]>
            </line>
            <line>
              <![CDATA[Clicking on next Button]]>
            </line>
            <line>
              <![CDATA[Entering PinCode ]]>
            </line>
            <line>
              <![CDATA[Reading Data from Excel]]>
            </line>
            <line>
              <![CDATA[Entering MObile NO ]]>
            </line>
            <line>
              <![CDATA[Reading Data from Excel]]>
            </line>
            <line>
              <![CDATA[Clicking on Continue Button]]>
            </line>
          </reporter-output>
        </test-method> <!-- enterMemberDetails -->
        <test-method signature="validateTestPlansFromTextAndBanners()[pri:0, instance:cOVSERFOX_Test.CF_TC55_LiSTNERfaIL_Parametric_Validate_search_results_for_healthcare_plocies@815b41f]" started-at="2024-01-05T23:41:48 IST" name="validateTestPlansFromTextAndBanners" finished-at="2024-01-05T23:41:54 IST" duration-ms="5633" status="PASS">
          <reporter-output>
            <line>
              <![CDATA[Fetching No of Details from Text]]>
            </line>
            <line>
              <![CDATA[Fetching No of Details from Banner]]>
            </line>
            <line>
              <![CDATA[Tc is Passed]]>
            </line>
          </reporter-output>
        </test-method> <!-- validateTestPlansFromTextAndBanners -->
        <test-method is-config="true" signature="closeCoverFox()[pri:0, instance:cOVSERFOX_Test.CF_TC55_LiSTNERfaIL_Parametric_Validate_search_results_for_healthcare_plocies@815b41f]" started-at="2024-01-05T23:41:54 IST" name="closeCoverFox" finished-at="2024-01-05T23:42:09 IST" duration-ms="15157" status="PASS">
          <reporter-output>
            <line>
              <![CDATA[Closing Browser]]>
            </line>
          </reporter-output>
        </test-method> <!-- closeCoverFox -->
      </class> <!-- cOVSERFOX_Test.CF_TC55_LiSTNERfaIL_Parametric_Validate_search_results_for_healthcare_plocies -->
    </test> <!-- Default test -->
  </suite> <!-- Default suite -->
</testng-results>
